mode: set
testify_mocking1/packageA/packageA.go:15.31,17.2 1 1
testify_mocking1/packageA/packageA.go:19.39,21.2 1 1
testify_mocking1/packageB/packageB.go:18.31,20.2 1 1
testify_mocking1/packageB/packageB.go:22.37,25.2 1 1
testify_mocking1/packageB/packageB.go:27.38,30.2 1 1
testify_mocking1/packageB/packageB.go:32.38,35.2 2 0
testify_mocking1/packageC/packageC.go:13.37,16.2 2 0
testify_mocking1/packageC/mocks/CIfc.go:13.43,17.51 3 1
testify_mocking1/packageC/mocks/CIfc.go:17.51,19.3 1 0
testify_mocking1/packageC/mocks/CIfc.go:19.8,21.3 1 1
testify_mocking1/packageC/mocks/CIfc.go:23.2,23.11 1 1
testify_mocking1/packageC/mocks/CIfc.go:31.10,35.19 3 0
testify_mocking1/packageC/mocks/CIfc.go:35.19,35.49 1 0
testify_mocking1/packageC/mocks/CIfc.go:37.2,37.13 1 0
